{"message":"Bookmark with id b9bc1408-e19d-4655-a52e-83686d992142 created","level":"info"}
{"message":"rating must be a number between 1 and 5 ","level":"error"}
{"message":"Bookmark with id a14761e1-6a5d-42a1-8340-f3d3eaf71d4b created","level":"info"}
{"message":"Bookmark with id 6fd38f38-232b-45e4-b498-da1c4a62f257 created","level":"info"}
{"message":"Bookmark with id a529a6d0-08e1-4c81-a0fa-4629f6929a38 created","level":"info"}
{"message":"Bookmark with id 222c4f43-6531-4fb7-b2a2-b28b9dbbddb3 created","level":"info"}
{"message":"Bookmark with id 6c5e407a-97c7-4a8b-bf64-6d18859b9823 created","level":"info"}
{"message":"Bookmark with id fc3754a7-e1c9-445b-88f3-29c2baaf5705 created","level":"info"}
{"message":"Bookmark with id 1ad9c651-ca07-4591-9c62-bdfdcc6dd1f1 created","level":"info"}
{"message":"Bookmark with id 2f9a0832-bf0f-42d3-926c-a262eb0c9285 created","level":"info"}
{"message":"Bookmark with id 911e423b-276d-4b00-afa0-e12704de9d21 created","level":"info"}
{"message":"Bookmark with id 52ba479a-e731-4a09-9c36-e05430521ac2 created","level":"info"}
{"message":"Bookmark with id 6de1f984-458a-4519-be53-107c542321f3 created","level":"info"}
{"message":"Bookmark with id a8224821-8164-4aca-bd94-df41a2a49c59 created","level":"info"}
{"message":"Bookmark with id 80297462-3475-424f-8b68-3efeca5a8b8f created","level":"info"}
{"message":"id is not defined","level":"error"}
{"message":"Bookmark with id 3812ff50-a063-4603-905c-6fad8d825e8d not found.","level":"error"}
{"message":"Unauthorized request to path : /bookmarks","level":"error"}
{"message":"id is not defined","level":"error"}
{"message":"Bookmark with id 68cea4f8-38b9-49f1-af67-b9f9cfafd476 not found.","level":"error"}
{"message":"Bookmark with id 39c6d393-b950-4e8e-a478-d63a0565b142 deleted","level":"info"}
{"message":"Bookmark with id 39c6d393-b950-4e8e-a478-d63a0565b142 not found.","level":"error"}
